<?xml version="1.0" encoding="UTF-8"?>
<testsuite xmlns:xsi="http://www.w3.org/2001/XMLSchema-instance" xsi:noNamespaceSchemaLocation="https://maven.apache.org/surefire/maven-surefire-plugin/xsd/surefire-test-report.xsd" name="vtp2022.day2.workshop.AppTest" time="0.885" tests="1" errors="0" skipped="0" failures="0">
  <properties>
    <property name="java.specification.version" value="18"/>
    <property name="sun.cpu.isalist" value="amd64"/>
    <property name="sun.jnu.encoding" value="Cp1252"/>
    <property name="java.class.path" value="C:\Users\chen_\OneDrive\Desktop\Visa\projects\sdf-workshop2\sdf-workshop2\target\test-classes;C:\Users\chen_\OneDrive\Desktop\Visa\projects\sdf-workshop2\sdf-workshop2\target\classes;C:\Users\chen_\.m2\repository\junit\junit\4.11\junit-4.11.jar;C:\Users\chen_\.m2\repository\org\hamcrest\hamcrest-core\1.3\hamcrest-core-1.3.jar;C:\Users\chen_\.m2\repository\org\testng\testng\7.6.0\testng-7.6.0.jar;C:\Users\chen_\.m2\repository\com\google\code\findbugs\jsr305\3.0.2\jsr305-3.0.2.jar;C:\Users\chen_\.m2\repository\org\slf4j\slf4j-api\1.7.36\slf4j-api-1.7.36.jar;C:\Users\chen_\.m2\repository\com\beust\jcommander\1.82\jcommander-1.82.jar;C:\Users\chen_\.m2\repository\org\webjars\jquery\3.6.0\jquery-3.6.0.jar;"/>
    <property name="java.vm.vendor" value="Oracle Corporation"/>
    <property name="sun.arch.data.model" value="64"/>
    <property name="user.variant" value=""/>
    <property name="java.vendor.url" value="https://java.oracle.com/"/>
    <property name="user.timezone" value="Asia/Singapore"/>
    <property name="os.name" value="Windows 11"/>
    <property name="java.vm.specification.version" value="18"/>
    <property name="sun.java.launcher" value="SUN_STANDARD"/>
    <property name="user.country" value="SG"/>
    <property name="sun.boot.library.path" value="C:\Program Files\Java\jdk-18.0.1.1\bin"/>
    <property name="sun.java.command" value="C:\Users\chen_\AppData\Local\Temp\surefire4016566307460645009\surefirebooter11222262820093597039.jar C:\Users\chen_\AppData\Local\Temp\surefire4016566307460645009 2022-06-08T22-24-59_715-jvmRun1 surefire4754331973247188102tmp surefire_03680840096844109012tmp"/>
    <property name="jdk.debug" value="release"/>
    <property name="surefire.test.class.path" value="C:\Users\chen_\OneDrive\Desktop\Visa\projects\sdf-workshop2\sdf-workshop2\target\test-classes;C:\Users\chen_\OneDrive\Desktop\Visa\projects\sdf-workshop2\sdf-workshop2\target\classes;C:\Users\chen_\.m2\repository\junit\junit\4.11\junit-4.11.jar;C:\Users\chen_\.m2\repository\org\hamcrest\hamcrest-core\1.3\hamcrest-core-1.3.jar;C:\Users\chen_\.m2\repository\org\testng\testng\7.6.0\testng-7.6.0.jar;C:\Users\chen_\.m2\repository\com\google\code\findbugs\jsr305\3.0.2\jsr305-3.0.2.jar;C:\Users\chen_\.m2\repository\org\slf4j\slf4j-api\1.7.36\slf4j-api-1.7.36.jar;C:\Users\chen_\.m2\repository\com\beust\jcommander\1.82\jcommander-1.82.jar;C:\Users\chen_\.m2\repository\org\webjars\jquery\3.6.0\jquery-3.6.0.jar;"/>
    <property name="sun.cpu.endian" value="little"/>
    <property name="user.home" value="C:\Users\chen_"/>
    <property name="user.language" value="en"/>
    <property name="java.specification.vendor" value="Oracle Corporation"/>
    <property name="java.version.date" value="2022-04-22"/>
    <property name="java.home" value="C:\Program Files\Java\jdk-18.0.1.1"/>
    <property name="file.separator" value="\"/>
    <property name="basedir" value="C:\Users\chen_\OneDrive\Desktop\Visa\projects\sdf-workshop2\sdf-workshop2"/>
    <property name="java.vm.compressedOopsMode" value="Zero based"/>
    <property name="line.separator" value="&#10;"/>
    <property name="java.vm.specification.vendor" value="Oracle Corporation"/>
    <property name="java.specification.name" value="Java Platform API Specification"/>
    <property name="surefire.real.class.path" value="C:\Users\chen_\AppData\Local\Temp\surefire4016566307460645009\surefirebooter11222262820093597039.jar"/>
    <property name="user.script" value=""/>
    <property name="sun.management.compiler" value="HotSpot 64-Bit Tiered Compilers"/>
    <property name="java.runtime.version" value="18.0.1.1+2-6"/>
    <property name="user.name" value="chen_"/>
    <property name="path.separator" value=";"/>
    <property name="os.version" value="10.0"/>
    <property name="java.runtime.name" value="Java(TM) SE Runtime Environment"/>
    <property name="file.encoding" value="UTF-8"/>
    <property name="java.vm.name" value="Java HotSpot(TM) 64-Bit Server VM"/>
    <property name="localRepository" value="C:\Users\chen_\.m2\repository"/>
    <property name="java.vendor.url.bug" value="https://bugreport.java.com/bugreport/"/>
    <property name="java.io.tmpdir" value="C:\Users\chen_\AppData\Local\Temp\"/>
    <property name="java.version" value="18.0.1.1"/>
    <property name="user.dir" value="C:\Users\chen_\OneDrive\Desktop\Visa\projects\sdf-workshop2\sdf-workshop2"/>
    <property name="os.arch" value="amd64"/>
    <property name="java.vm.specification.name" value="Java Virtual Machine Specification"/>
    <property name="sun.os.patch.level" value=""/>
    <property name="native.encoding" value="Cp1252"/>
    <property name="java.library.path" value="C:\Program Files\Java\jdk-18.0.1.1\bin;C:\WINDOWS\Sun\Java\bin;C:\WINDOWS\system32;C:\WINDOWS;C:\Program Files\Common Files\Oracle\Java\javapath;C:\Program Files (x86)\Common Files\Oracle\Java\javapath;C:\WINDOWS\system32;C:\WINDOWS;C:\WINDOWS\System32\Wbem;C:\WINDOWS\System32\WindowsPowerShell\v1.0\;C:\WINDOWS\System32\OpenSSH\;C:\Program Files\nodejs\;C:\Program Files\Docker\Docker\resources\bin;C:\ProgramData\DockerDesktop\version-bin;C:\Program Files\Git\cmd;C:\opt\apache-maven-3.8.5\bin;C:\Program Files\Java\jdk-18.0.1.1\bin;C:\Users\chen_\anaconda3;C:\Users\chen_\anaconda3\Library\mingw-w64\bin;C:\Users\chen_\anaconda3\Library\usr\bin;C:\Users\chen_\anaconda3\Library\bin;C:\Users\chen_\anaconda3\Scripts;C:\Users\chen_\AppData\Local\Microsoft\WindowsApps;C:\Users\chen_\AppData\Local\JetBrains\PyCharm Community Edition 2020.3.5\bin;;C:\Users\chen_\AppData\Roaming\npm;;C:\Users\chen_\AppData\Local\Programs\Microsoft VS Code\bin;."/>
    <property name="java.vm.info" value="mixed mode, sharing"/>
    <property name="java.vendor" value="Oracle Corporation"/>
    <property name="java.vm.version" value="18.0.1.1+2-6"/>
    <property name="sun.io.unicode.encoding" value="UnicodeLittle"/>
    <property name="java.class.version" value="62.0"/>
  </properties>
  <testcase name="testBankAccount on testBankAccount(vtp2022.day2.workshop.AppTest)" classname="vtp2022.day2.workshop.AppTest" time="0.016"/>
</testsuite>