<?xml version="1.0" encoding="UTF-8"?>
<!-- Generated by org.testng.reporters.JUnitReportReporter -->
<testsuite hostname="DESKTOP-GBJ4SQ3" failures="0" tests="1" name="vtp2022.day2.workshop.AppTest" time="0.024" errors="0" timestamp="2022-06-08T22:25:07 SGT" skipped="0">
  <testcase classname="vtp2022.day2.workshop.AppTest" name="testBankAccount" time="0.024"/>
  <system-out/>
</testsuite> <!-- vtp2022.day2.workshop.AppTest -->
